{
  meta: {
    req: {
      url: '/',
      headers: {
        'user-agent': 'PostmanRuntime/7.32.2',
        accept: '*/*',
        'cache-control': 'no-cache',
        'postman-token': '3098f2f5-f4ef-4d2f-8149-7713524c0456',
        host: 'localhost:8080',
        'accept-encoding': 'gzip, deflate, br',
        connection: 'keep-alive'
      },
      method: 'GET',
      httpVersion: '1.1',
      originalUrl: '/',
      query: {}
    },
    res: { statusCode: 200 },
    responseTime: 2
  },
  level: 'info',
  message: 'HTTP GET /',
  timestamp: '2023-09-07T06:32:16.476Z'
}
{
  meta: {
    req: {
      url: '/400',
      headers: {
        'user-agent': 'PostmanRuntime/7.32.2',
        accept: '*/*',
        'cache-control': 'no-cache',
        'postman-token': '17bcc48b-a903-4445-9d79-e404a3d7fc06',
        host: 'localhost:8080',
        'accept-encoding': 'gzip, deflate, br',
        connection: 'keep-alive'
      },
      method: 'GET',
      httpVersion: '1.1',
      originalUrl: '/400',
      query: {}
    },
    res: { statusCode: 400 },
    responseTime: 1
  },
  level: 'warn',
  message: 'HTTP GET /400',
  timestamp: '2023-09-07T06:33:13.239Z'
}
{
  meta: {
    req: {
      url: '/500',
      headers: {
        'user-agent': 'PostmanRuntime/7.32.2',
        accept: '*/*',
        'cache-control': 'no-cache',
        'postman-token': '66ec42cc-a545-4f9f-a902-54b65bc3b7d7',
        host: 'localhost:8080',
        'accept-encoding': 'gzip, deflate, br',
        connection: 'keep-alive'
      },
      method: 'GET',
      httpVersion: '1.1',
      originalUrl: '/500',
      query: {}
    },
    res: { statusCode: 500 },
    responseTime: 2
  },
  level: 'error',
  message: 'HTTP GET /500',
  timestamp: '2023-09-07T06:33:27.420Z'
}
